  day01.c
  day02.c
  day03.c
  day04.c
  day05.c
  day06.c
C:\Users\rli41\Documents\learnObject\Advanced_2019\Advanced_2019\day06.c(53,28): warning C4013: “sub”未定义；假设外部返回 int
  day07.c
  day08.c
  day09.c
  day10.c
C:\Users\rli41\Documents\learnObject\Advanced_2019\Advanced_2019\day10.c(59,1): warning C4244: “初始化”: 从“__int64”转换到“int”，可能丢失数据
  day11.c
C:\Users\rli41\Documents\learnObject\Advanced_2019\Advanced_2019\day11.c(17,13): warning C4098: “print”:“void”函数返回值
  day12.c
C:\Users\rli41\Documents\learnObject\Advanced_2019\Advanced_2019\day12.c(45,12): warning C4477: “printf”: 格式字符串“%d”需要类型“int”的参数，但可变参数 1 拥有了类型“size_t”
C:\Users\rli41\Documents\learnObject\Advanced_2019\Advanced_2019\day12.c(45,12): message : 请考虑在格式字符串中使用“%zd”
C:\Users\rli41\Documents\learnObject\Advanced_2019\Advanced_2019\day12.c(46,12): warning C4477: “printf”: 格式字符串“%d”需要类型“int”的参数，但可变参数 1 拥有了类型“size_t”
C:\Users\rli41\Documents\learnObject\Advanced_2019\Advanced_2019\day12.c(46,12): message : 请考虑在格式字符串中使用“%zd”
C:\Users\rli41\Documents\learnObject\Advanced_2019\Advanced_2019\day12.c(47,12): warning C4477: “printf”: 格式字符串“%d”需要类型“int”的参数，但可变参数 1 拥有了类型“size_t”
C:\Users\rli41\Documents\learnObject\Advanced_2019\Advanced_2019\day12.c(47,12): message : 请考虑在格式字符串中使用“%zd”
  forPractice.c
  正在生成代码...
C:\Users\rli41\Documents\learnObject\Advanced_2019\Advanced_2019\day10.c(107): warning C4172: 返回局部变量或临时变量的地址: i
day06.obj : error LNK2019: 无法解析的外部符号 sub，函数 m06 中引用了该符号
Sub.lib : warning LNK4272: 库计算机类型“x86”与目标计算机类型“x64”冲突
C:\Users\rli41\Documents\learnObject\Advanced_2019\x64\Debug\Advanced_2019.exe : fatal error LNK1120: 1 个无法解析的外部命令
